\BOOKMARK [1][-]{Title Page.1}{Title\040Page}{}% 1
\BOOKMARK [1][-]{Dedication.1}{Dedication}{}% 2
\BOOKMARK [1][-]{Abstract.1}{Abstract}{}% 3
\BOOKMARK [1][-]{Publications.1}{Publications}{}% 4
\BOOKMARK [1][-]{Acknowledgements.1}{Acknowledgements}{}% 5
\BOOKMARK [1][-]{tableofcontents.1}{Contents}{}% 6
\BOOKMARK [1][-]{lof.1}{List\040of\040Figures}{}% 7
\BOOKMARK [1][-]{lot.1}{List\040of\040Tables}{}% 8
\BOOKMARK [1][-]{acronyms.1}{Acronyms}{}% 9
\BOOKMARK [-1][]{part.1}{Introduction}{}% 10
\BOOKMARK [0][]{chapter.1}{1\040Motivations}{part.1}% 11
\BOOKMARK [1][-]{section.1.1}{1.1\040About\040statistical\040learning}{chapter.1}% 12
\BOOKMARK [2][-]{subsection.1.1.1}{1.1.1\040Introduction\040to\040kernel\040methods}{section.1.1}% 13
\BOOKMARK [1][-]{section.1.2}{1.2\040On\040large-scale\040learning}{chapter.1}% 14
\BOOKMARK [1][-]{section.1.3}{1.3\040History\040and\040state\040of\040the\040art\040of\040large\040scale\040learning\040with\040kernels}{chapter.1}% 15
\BOOKMARK [2][-]{subsection.1.3.1}{1.3.1\040Gradient\040descents}{section.1.3}% 16
\BOOKMARK [2][-]{subsection.1.3.2}{1.3.2 Mercer Theorem, Nyström method and feature maps}{section.1.3}% 17
\BOOKMARK [2][-]{subsection.1.3.3}{1.3.3\040Recent\040extensions}{section.1.3}% 18
\BOOKMARK [0][]{chapter.2}{2\040Background}{part.1}% 19
\BOOKMARK [1][-]{section.2.1}{2.1\040Notations}{chapter.2}% 20
\BOOKMARK [2][-]{subsection.2.1.1}{2.1.1\040Algebraic\040structures}{section.2.1}% 21
\BOOKMARK [2][-]{subsection.2.1.2}{2.1.2\040Topology\040and\040continuity}{section.2.1}% 22
\BOOKMARK [2][-]{subsection.2.1.3}{2.1.3\040Measure\040theory}{section.2.1}% 23
\BOOKMARK [2][-]{subsection.2.1.4}{2.1.4\040Vector\040spaces,\040linear\040operators\040and\040matrices}{section.2.1}% 24
\BOOKMARK [1][-]{section.2.2}{2.2\040Elements\040of\040abstract\040harmonic\040analysis}{chapter.2}% 25
\BOOKMARK [2][-]{subsection.2.2.1}{2.2.1\040Locally\040compact\040Abelian\040groups}{section.2.2}% 26
\BOOKMARK [2][-]{subsection.2.2.2}{2.2.2\040The\040Haar\040measure}{section.2.2}% 27
\BOOKMARK [2][-]{subsection.2.2.3}{2.2.3\040Even\040and\040odd\040functions}{section.2.2}% 28
\BOOKMARK [2][-]{subsection.2.2.4}{2.2.4\040Characters}{section.2.2}% 29
\BOOKMARK [2][-]{subsection.2.2.5}{2.2.5\040The\040Fourier\040Transform}{section.2.2}% 30
\BOOKMARK [2][-]{subsection.2.2.6}{2.2.6\040Representations\040of\040Groups}{section.2.2}% 31
\BOOKMARK [1][-]{section.2.3}{2.3\040On\040Operator-Valued\040Kernels}{chapter.2}% 32
\BOOKMARK [2][-]{subsection.2.3.1}{2.3.1\040Definitions\040and\040properties}{section.2.3}% 33
\BOOKMARK [2][-]{subsection.2.3.2}{2.3.2\040Shift-Invariant\040OVK\040on\040LCA\040groups}{section.2.3}% 34
\BOOKMARK [2][-]{subsection.2.3.3}{2.3.3\040Examples\040of\040OVKs}{section.2.3}% 35
\BOOKMARK [-1][]{part.2}{Contributions}{}% 36
\BOOKMARK [0][]{chapter.3}{3\040Operator-valued\040Random\040Fourier\040Features}{part.2}% 37
\BOOKMARK [1][-]{section.3.1}{3.1\040Motivations}{chapter.3}% 38
\BOOKMARK [1][-]{section.3.2}{3.2\040Theoretical\040study}{chapter.3}% 39
\BOOKMARK [2][-]{subsection.3.2.1}{3.2.1\040Sufficient\040conditions\040of\040existence}{section.3.2}% 40
\BOOKMARK [2][-]{subsection.3.2.2}{3.2.2\040Examples\040of\040spectral\040decomposition}{section.3.2}% 41
\BOOKMARK [2][-]{subsection.3.2.3}{3.2.3\040Functional\040Fourier\040feature\040map}{section.3.2}% 42
\BOOKMARK [1][-]{section.3.3}{3.3\040Building\040Operator-valued\040Random\040Fourier\040Features}{chapter.3}% 43
\BOOKMARK [2][-]{subsection.3.3.1}{3.3.1\040Examples\040of\040Operator\040Random\040Fourier\040Feature\040maps}{section.3.3}% 44
\BOOKMARK [2][-]{subsection.3.3.2}{3.3.2\040Regularization\040property}{section.3.3}% 45
\BOOKMARK [1][-]{section.3.4}{3.4\040Conclusions}{chapter.3}% 46
\BOOKMARK [0][]{chapter.4}{4\040Bounding\040the\040error\040of\040the\040ORFF\040approximation}{part.2}% 47
\BOOKMARK [1][-]{section.4.1}{4.1\040Convegence\040with\040high\040probability\040of\040the\040ORFF\040estimator}{chapter.4}% 48
\BOOKMARK [2][-]{subsection.4.1.1}{4.1.1\040Random\040Fourier\040Features\040in\040the\040scalar\040case\040and\040decomposable\040OVK}{section.4.1}% 49
\BOOKMARK [2][-]{subsection.4.1.2}{4.1.2\040Uniform\040convergence\040of\040ORFF\040approximation\040on\040LCA\040groups}{section.4.1}% 50
\BOOKMARK [2][-]{subsection.4.1.3}{4.1.3\040Dealing\040with\040infinite\040dimensional\040operators}{section.4.1}% 51
\BOOKMARK [2][-]{subsection.4.1.4}{4.1.4\040Variance\040of\040the\040ORFF\040approximation}{section.4.1}% 52
\BOOKMARK [2][-]{subsection.4.1.5}{4.1.5\040Application\040on\040decomposable,\040curl-free\040and\040divergence-free\040OVK}{section.4.1}% 53
\BOOKMARK [1][-]{section.4.2}{4.2\040Conclusions}{chapter.4}% 54
\BOOKMARK [0][]{chapter.5}{5\040Learning\040with\040Feature\040maps}{part.2}% 55
\BOOKMARK [1][-]{section.5.1}{5.1\040Learning\040with\040ORFF}{chapter.5}% 56
\BOOKMARK [2][-]{subsection.5.1.1}{5.1.1\040Supervised\040regression}{section.5.1}% 57
\BOOKMARK [2][-]{subsection.5.1.2}{5.1.2\040Representer\040theorem\040and\040Feature\040equivalence}{section.5.1}% 58
\BOOKMARK [1][-]{section.5.2}{5.2\040Solution\040of\040the\040empirical\040risk\040minimization}{chapter.5}% 59
\BOOKMARK [2][-]{subsection.5.2.1}{5.2.1\040Gradient\040methods}{section.5.2}% 60
\BOOKMARK [2][-]{subsection.5.2.2}{5.2.2\040Complexity\040analysis}{section.5.2}% 61
\BOOKMARK [2][-]{subsection.5.2.3}{5.2.3\040Efficient\040matrix-free\040operators}{section.5.2}% 62
\BOOKMARK [2][-]{subsection.5.2.4}{5.2.4\040Case\040of\040study:\040the\040decomposable\040kernel}{section.5.2}% 63
\BOOKMARK [2][-]{subsection.5.2.5}{5.2.5\040Linear\040operators\040in\040matrix\040form}{section.5.2}% 64
\BOOKMARK [2][-]{subsection.5.2.6}{5.2.6\040Curl-free\040kernel}{section.5.2}% 65
\BOOKMARK [2][-]{subsection.5.2.7}{5.2.7\040Divergence-free\040kernel}{section.5.2}% 66
\BOOKMARK [2][-]{subsection.5.2.8}{5.2.8\040Iterative\040\(matrix-free\)\040solvers}{section.5.2}% 67
\BOOKMARK [1][-]{section.5.3}{5.3\040Experiments}{chapter.5}% 68
\BOOKMARK [2][-]{subsection.5.3.1}{5.3.1\040Learning\040with\040ORFF\040vs\040learning\040with\040OVK}{section.5.3}% 69
\BOOKMARK [1][-]{section.5.4}{5.4\040Conclusions}{chapter.5}% 70
\BOOKMARK [0][]{chapter.6}{6\040Consistency\040and\040Generalization\040bound\040for\040ORFF}{part.2}% 71
\BOOKMARK [1][-]{section.6.1}{6.1\040Generalization\040bound}{chapter.6}% 72
\BOOKMARK [2][-]{subsection.6.1.1}{6.1.1\040Generalization\040by\040bounding\040the\040function\040space\040complexity}{section.6.1}% 73
\BOOKMARK [2][-]{subsection.6.1.2}{6.1.2\040Algorithm\040stability}{section.6.1}% 74
\BOOKMARK [1][-]{section.6.2}{6.2\040Consistency\040of\040learning\040with\040ORFF}{chapter.6}% 75
\BOOKMARK [1][-]{section.6.3}{6.3\040Discussion}{chapter.6}% 76
\BOOKMARK [0][]{chapter.7}{7\040Application\040to\040time\040series\040modelling}{part.2}% 77
\BOOKMARK [1][-]{section.7.1}{7.1\040Introduction}{chapter.7}% 78
\BOOKMARK [1][-]{section.7.2}{7.2\040Operator-Valued\040Kernels\040for\040Vector\040Autoregression}{chapter.7}% 79
\BOOKMARK [1][-]{section.7.3}{7.3\040Operator-Valued\040Random\040Fourier\040Features}{chapter.7}% 80
\BOOKMARK [2][-]{subsection.7.3.1}{7.3.1\040Numerical\040Performance}{section.7.3}% 81
\BOOKMARK [2][-]{subsection.7.3.2}{7.3.2\040Simulated\040data}{section.7.3}% 82
\BOOKMARK [2][-]{subsection.7.3.3}{7.3.3\040Influence\040of\040the\040number\040of\040random\040features}{section.7.3}% 83
\BOOKMARK [2][-]{subsection.7.3.4}{7.3.4\040Real\040datasets}{section.7.3}% 84
\BOOKMARK [1][-]{section.7.4}{7.4\040Discussion}{chapter.7}% 85
\BOOKMARK [-1][]{part.3}{Perspectives\040and\040final\040words}{}% 86
\BOOKMARK [0][]{chapter.8}{8\040Perspectives}{part.3}% 87
\BOOKMARK [1][-]{section.8.1}{8.1\040Learning\040functions}{chapter.8}% 88
\BOOKMARK [1][-]{section.8.2}{8.2\040Neural\040networks,\040deep\040learning}{chapter.8}% 89
\BOOKMARK [1][-]{section.8.3}{8.3\040Operalib}{chapter.8}% 90
\BOOKMARK [0][]{chapter.9}{9\040Conlusions}{part.3}% 91
\BOOKMARK [-1][]{part.4}{Appendix}{}% 92
\BOOKMARK [0][]{appendix.A}{A\040Proofs\040of\040theorems}{part.4}% 93
\BOOKMARK [1][-]{section.A.1}{A.1\040Proof\040of\040the\040error\040bound\040with\040high\040probability\040of\040the\040ORFF\040estimator}{appendix.A}% 94
\BOOKMARK [2][-]{subsection.A.1.1}{A.1.1\040Epsilon-net}{section.A.1}% 95
\BOOKMARK [2][-]{subsection.A.1.2}{A.1.2\040Bounding\040the\040Lipschitz\040constant}{section.A.1}% 96
\BOOKMARK [2][-]{subsection.A.1.3}{A.1.3\040Bounding\040the\040error\040on\040a\040given\040anchor\040point}{section.A.1}% 97
\BOOKMARK [2][-]{subsection.A.1.4}{A.1.4\040Union\040Bound\040and\040examples}{section.A.1}% 98
\BOOKMARK [1][-]{section.A.2}{A.2\040Proof\040of\040the\040ORFF\040estimator\040variance\040bound}{appendix.A}% 99
\BOOKMARK [0][]{appendix.B}{B\040Miscellaneous}{part.4}% 100
\BOOKMARK [1][-]{section.B.1}{B.1\040Operator-valued\040functions\040and\040integration}{appendix.B}% 101
\BOOKMARK [1][-]{section.B.2}{B.2\040About\040concentration\040inequalities}{appendix.B}% 102
\BOOKMARK [1][-]{section.B.3}{B.3\040ORFF\040Engineering}{appendix.B}% 103
\BOOKMARK [1][-]{section.B.4}{B.4\040Learning\040with\040semi-supervision}{appendix.B}% 104
\BOOKMARK [2][-]{subsection.B.4.1}{B.4.1\040Representer\040theorem\040and\040feature\040equivalence}{section.B.4}% 105
\BOOKMARK [2][-]{subsection.B.4.2}{B.4.2\040Gradients}{section.B.4}% 106
\BOOKMARK [2][-]{subsection.B.4.3}{B.4.3\040Complexity}{section.B.4}% 107
\BOOKMARK [0][]{appendix.C}{C\040Relevant\040piece\040of\040code}{part.4}% 108
\BOOKMARK [1][-]{section.C.1}{C.1\040Python\040code\040for\040figure\0403.1}{appendix.C}% 109
\BOOKMARK [1][-]{section.C.2}{C.2\040Python\040code\040for\040figure\0405.1}{appendix.C}% 110
\BOOKMARK [1][-]{section.C.3}{C.3\040Python\040code\040for\040figure\0405.3}{appendix.C}% 111
\BOOKMARK [1][-]{section.C.4}{C.4\040Python\040code\040for\040figure\0405.4}{appendix.C}% 112
\BOOKMARK [1][-]{section.C.5}{C.5\040Python\040code\040for\040figure\0405.5}{appendix.C}% 113
\BOOKMARK [0][]{appendix.D}{D\040One\040Class\040Splitting\040Criteria\040for\040Random\040Forests}{part.4}% 114
\BOOKMARK [1][-]{section.D.1}{D.1\040Background\040on\040decision\040trees}{appendix.D}% 115
\BOOKMARK [1][-]{section.D.2}{D.2\040Adaptation\040to\040the\040one-class\040setting}{appendix.D}% 116
\BOOKMARK [2][-]{subsection.D.2.1}{D.2.1\040One-class\040splitting\040criterion}{section.D.2}% 117
\BOOKMARK [2][-]{subsection.D.2.2}{D.2.2\040Prediction:\040scoring\040function\040of\040the\040forest}{section.D.2}% 118
\BOOKMARK [2][-]{subsection.D.2.3}{D.2.3\040OneClassRF:\040a\040Generic\040One-Class\040Random\040Forest\040algorithm}{section.D.2}% 119
\BOOKMARK [1][-]{section.D.3}{D.3\040Benchmarks}{appendix.D}% 120
\BOOKMARK [2][-]{subsection.D.3.1}{D.3.1\040Default\040parameters\040of\040OneClassRF}{section.D.3}% 121
\BOOKMARK [2][-]{subsection.D.3.2}{D.3.2\040Results}{section.D.3}% 122
\BOOKMARK [1][-]{section.D.4}{D.4\040Theoretical\040analysis}{appendix.D}% 123
\BOOKMARK [2][-]{subsection.D.4.1}{D.4.1\040Underlying\040model}{section.D.4}% 124
\BOOKMARK [2][-]{subsection.D.4.2}{D.4.2\040Adaptive\040approach}{section.D.4}% 125
\BOOKMARK [1][-]{section.D.5}{D.5\040Conclusion}{appendix.D}% 126
\BOOKMARK [1][-]{section.D.6}{D.6\040Further\040insights\040on\040the\040algorithm}{appendix.D}% 127
\BOOKMARK [2][-]{subsection.D.6.1}{D.6.1\040Interpretation\040of\040parameter\040gamma}{section.D.6}% 128
\BOOKMARK [2][-]{subsection.D.6.2}{D.6.2\040Alternative\040scoring\040functions}{section.D.6}% 129
\BOOKMARK [2][-]{subsection.D.6.3}{D.6.3\040Alternative\040stopping\040criteria}{section.D.6}% 130
\BOOKMARK [2][-]{subsection.D.6.4}{D.6.4\040Variable\040importance}{section.D.6}% 131
\BOOKMARK [1][-]{section.D.7}{D.7\040Hyper-parameters\040of\040tested\040algorithms}{appendix.D}% 132
\BOOKMARK [1][-]{section.D.8}{D.8\040Description\040of\040the\040datasets}{appendix.D}% 133
\BOOKMARK [1][-]{section.D.9}{D.9\040Further\040details\040on\040benchmarks\040and\040outlier\040detection\040results}{appendix.D}% 134
\BOOKMARK [-1][]{dummy.6}{Bibliography}{}% 135
\BOOKMARK [-1][]{declaration.-1}{Declaration}{}% 136
\BOOKMARK [-1][]{colophon.-1}{Colophon}{}% 137
\BOOKMARK [-1][]{blurb.-1}{Blurb}{}% 138
