\BOOKMARK [1][-]{Title Page.1}{Title\040Page}{}% 1
\BOOKMARK [1][-]{Dedication.1}{Dedication}{}% 2
\BOOKMARK [1][-]{Abstract.1}{Abstract}{}% 3
\BOOKMARK [1][-]{Publications.1}{Publications}{}% 4
\BOOKMARK [1][-]{Acknowledgements.1}{Acknowledgements}{}% 5
\BOOKMARK [1][-]{tableofcontents.1}{Contents}{}% 6
\BOOKMARK [1][-]{lof.1}{List\040of\040Figures}{}% 7
\BOOKMARK [1][-]{lot.1}{List\040of\040Tables}{}% 8
\BOOKMARK [1][-]{acronyms.1}{Acronyms}{}% 9
\BOOKMARK [-1][]{part.1}{Introduction}{}% 10
\BOOKMARK [0][]{chapter.1}{1\040Motivations}{part.1}% 11
\BOOKMARK [0][]{chapter.2}{2\040Background}{part.1}% 12
\BOOKMARK [1][-]{section.2.1}{2.1\040Notations}{chapter.2}% 13
\BOOKMARK [1][-]{section.2.2}{2.2\040About\040statistical\040learning}{chapter.2}% 14
\BOOKMARK [1][-]{section.2.3}{2.3\040On\040large-scale\040learning}{chapter.2}% 15
\BOOKMARK [1][-]{section.2.4}{2.4\040History\040and\040state\040of\040the\040art\040of\040large\040scale\040learning\040with\040kernels}{chapter.2}% 16
\BOOKMARK [2][-]{subsection.2.4.1}{2.4.1\040Introduction\040to\040kernel\040methods}{section.2.4}% 17
\BOOKMARK [2][-]{subsection.2.4.2}{2.4.2\040Quadratic\040programing,\040subsampling}{section.2.4}% 18
\BOOKMARK [2][-]{subsection.2.4.3}{2.4.3\040Gradient\040descents}{section.2.4}% 19
\BOOKMARK [2][-]{subsection.2.4.4}{2.4.4 Mercer Theorem, Nyström method and feature maps}{section.2.4}% 20
\BOOKMARK [2][-]{subsection.2.4.5}{2.4.5\040Recent\040extensions}{section.2.4}% 21
\BOOKMARK [1][-]{section.2.5}{2.5\040Elements\040of\040abstract\040harmonic\040analysis}{chapter.2}% 22
\BOOKMARK [2][-]{subsection.2.5.1}{2.5.1\040Locally\040compact\040Abelian\040groups}{section.2.5}% 23
\BOOKMARK [2][-]{subsection.2.5.2}{2.5.2\040The\040Haar\040measure}{section.2.5}% 24
\BOOKMARK [2][-]{subsection.2.5.3}{2.5.3\040Even\040and\040odd\040functions}{section.2.5}% 25
\BOOKMARK [2][-]{subsection.2.5.4}{2.5.4\040Characters}{section.2.5}% 26
\BOOKMARK [2][-]{subsection.2.5.5}{2.5.5\040The\040Fourier\040transform}{section.2.5}% 27
\BOOKMARK [2][-]{subsection.2.5.6}{2.5.6\040Representation\040of\040Groups}{section.2.5}% 28
\BOOKMARK [1][-]{section.2.6}{2.6\040On\040operator-valued\040kernels}{chapter.2}% 29
\BOOKMARK [2][-]{subsection.2.6.1}{2.6.1\040Definitions\040and\040properties}{section.2.6}% 30
\BOOKMARK [2][-]{subsection.2.6.2}{2.6.2\040Shift-Invariant\040operator-valued\040kernels}{section.2.6}% 31
\BOOKMARK [2][-]{subsection.2.6.3}{2.6.3\040Examples\040of\040operator-valued\040kernels}{section.2.6}% 32
\BOOKMARK [-1][]{part.2}{Contributions}{}% 33
\BOOKMARK [0][]{chapter.3}{3\040Operator-valued\040Random\040Fourier\040Features}{part.2}% 34
\BOOKMARK [1][-]{section.3.1}{3.1\040Motivations}{chapter.3}% 35
\BOOKMARK [1][-]{section.3.2}{3.2\040Theoretical\040study}{chapter.3}% 36
\BOOKMARK [2][-]{subsection.3.2.1}{3.2.1\040Sufficient\040conditions\040of\040existence}{section.3.2}% 37
\BOOKMARK [2][-]{subsection.3.2.2}{3.2.2\040Examples\040of\040spectral\040decomposition}{section.3.2}% 38
\BOOKMARK [2][-]{subsection.3.2.3}{3.2.3\040Functional\040Fourier\040feature\040map}{section.3.2}% 39
\BOOKMARK [1][-]{section.3.3}{3.3\040Building\040Operator-valued\040Random\040Fourier\040Features}{chapter.3}% 40
\BOOKMARK [2][-]{subsection.3.3.1}{3.3.1\040Examples\040of\040Operator\040Random\040Fourier\040Feature\040maps}{section.3.3}% 41
\BOOKMARK [2][-]{subsection.3.3.2}{3.3.2\040Regularization\040property}{section.3.3}% 42
\BOOKMARK [1][-]{section.3.4}{3.4\040Operator\040Random\040Feature\040engineering}{chapter.3}% 43
\BOOKMARK [1][-]{section.3.5}{3.5\040Conclusions}{chapter.3}% 44
\BOOKMARK [0][]{chapter.4}{4\040Learning\040with\040Feature\040maps}{part.2}% 45
\BOOKMARK [1][-]{section.4.1}{4.1\040Learning\040with\040ORFF}{chapter.4}% 46
\BOOKMARK [2][-]{subsection.4.1.1}{4.1.1\040Warm-up:\040supervised\040regression}{section.4.1}% 47
\BOOKMARK [2][-]{subsection.4.1.2}{4.1.2\040Semi-supervised\040regression}{section.4.1}% 48
\BOOKMARK [1][-]{section.4.2}{4.2\040Solution\040of\040the\040empirical\040risk\040minimization}{chapter.4}% 49
\BOOKMARK [2][-]{subsection.4.2.1}{4.2.1\040Gradient\040methods}{section.4.2}% 50
\BOOKMARK [2][-]{subsection.4.2.2}{4.2.2\040Complexity\040analysis}{section.4.2}% 51
\BOOKMARK [2][-]{subsection.4.2.3}{4.2.3\040Efficient\040matrix-free\040operators}{section.4.2}% 52
\BOOKMARK [2][-]{subsection.4.2.4}{4.2.4\040Case\040of\040study:\040the\040decomposable\040kernel}{section.4.2}% 53
\BOOKMARK [2][-]{subsection.4.2.5}{4.2.5\040Linear\040operators\040in\040matrix\040form}{section.4.2}% 54
\BOOKMARK [2][-]{subsection.4.2.6}{4.2.6\040Curl-free\040kernel}{section.4.2}% 55
\BOOKMARK [2][-]{subsection.4.2.7}{4.2.7\040Divergence-free\040kernel}{section.4.2}% 56
\BOOKMARK [2][-]{subsection.4.2.8}{4.2.8\040Iterative\040\(matrix-free\)\040solvers}{section.4.2}% 57
\BOOKMARK [1][-]{section.4.3}{4.3\040Experiments}{chapter.4}% 58
\BOOKMARK [1][-]{section.4.4}{4.4\040Conclusions}{chapter.4}% 59
\BOOKMARK [0][]{chapter.5}{5\040Consistency\040and\040Generalization}{part.2}% 60
\BOOKMARK [1][-]{section.5.1}{5.1\040Consistency\040of\040the\040ORFF\040estimator}{chapter.5}% 61
\BOOKMARK [2][-]{subsection.5.1.1}{5.1.1\040Scalar\040random\040Fourier\040Features\040and\040decomposable\040kernel}{section.5.1}% 62
\BOOKMARK [2][-]{subsection.5.1.2}{5.1.2\040Uniform\040convergence\040of\040ORFF\040approximation\040on\040LCA\040groups}{section.5.1}% 63
\BOOKMARK [2][-]{subsection.5.1.3}{5.1.3\040Variance\040of\040the\040ORFF\040approximation}{section.5.1}% 64
\BOOKMARK [2][-]{subsection.5.1.4}{5.1.4\040Application\040on\040decomposable,\040curl-free\040and\040div-free\040OVKs}{section.5.1}% 65
\BOOKMARK [0][]{chapter.6}{6\040Applications}{part.2}% 66
\BOOKMARK [1][-]{section.6.1}{6.1\040Introduction}{chapter.6}% 67
\BOOKMARK [1][-]{section.6.2}{6.2\040Time\040series\040modelling}{chapter.6}% 68
\BOOKMARK [1][-]{section.6.3}{6.3\040Functional\040data\040analysis}{chapter.6}% 69
\BOOKMARK [1][-]{section.6.4}{6.4\040Neural\040networks,\040deep\040learning}{chapter.6}% 70
\BOOKMARK [1][-]{section.6.5}{6.5\040Operalib}{chapter.6}% 71
\BOOKMARK [1][-]{section.6.6}{6.6\040Conclusions}{chapter.6}% 72
\BOOKMARK [-1][]{part.3}{Final\040words\040and\040perspectives}{}% 73
\BOOKMARK [0][]{chapter.7}{7\040Conlusions}{part.3}% 74
\BOOKMARK [-1][]{part.4}{Appendix}{}% 75
\BOOKMARK [0][]{appendix.A}{A\040Operator-valued\040functions\040and\040integration}{part.4}% 76
\BOOKMARK [0][]{appendix.B}{B\040Proofs\040of\040theorems}{part.4}% 77
\BOOKMARK [1][-]{section.B.1}{B.1\040Proof\040of\040}{appendix.B}% 78
\BOOKMARK [0][]{appendix.C}{C\040Relevant\040piece\040of\040code}{part.4}% 79
\BOOKMARK [1][-]{section.C.1}{C.1\040Python\040code\040for\040figure\0401}{appendix.C}% 80
\BOOKMARK [1][-]{section.C.2}{C.2\040Python\040code\040for\040figure\0403}{appendix.C}% 81
\BOOKMARK [1][-]{section.C.3}{C.3\040Python\040code\040for\040figure\0404}{appendix.C}% 82
\BOOKMARK [1][-]{section.C.4}{C.4\040Python\040code\040for\040figure\0405}{appendix.C}% 83
\BOOKMARK [1][-]{section.C.5}{C.5\040Python\040code\040for\040figure\0406}{appendix.C}% 84
\BOOKMARK [0][]{dummy.6}{Bibliography}{part.4}% 85
\BOOKMARK [0][]{declaration.0}{Declaration}{part.4}% 86
\BOOKMARK [0][]{colophon.0}{Colophon}{part.4}% 87
